<?xml version="1.0" encoding="UTF-8"?>
<!-- Generated by org.testng.reporters.JUnitReportReporter -->
<testsuite skipped="0" hostname="ETC-1404246" name="testNG.DemoC" tests="2" failures="0" timestamp="29 Nov 2018 06:58:42 GMT" time="0.020" errors="0">
  <testcase name="registerUser" time="0.015" classname="testNG.DemoC"/>
  <testcase name="deleteUser" time="0.005" classname="testNG.DemoC"/>
</testsuite> <!-- testNG.DemoC -->
