<?xml version="1.0" encoding="UTF-8"?>
<!-- Generated by org.testng.reporters.JUnitReportReporter -->
<testsuite skipped="0" hostname="ETC-1404246" name="testNG.DemoA" tests="1" failures="0" timestamp="29 Nov 2018 13:48:14 GMT" time="0.010" errors="0">
  <testcase name="testA" time="0.010" classname="testNG.DemoA"/>
</testsuite> <!-- testNG.DemoA -->
