<?xml version="1.0" encoding="UTF-8"?>
<!-- Generated by org.testng.reporters.JUnitReportReporter -->
<testsuite skipped="0" hostname="ETC-1404246" name="testNG.TestB" tests="1" failures="0" timestamp="30 Nov 2018 16:20:34 GMT" time="18.072" errors="0">
  <testcase name="testA" time="18.072" classname="testNG.TestB"/>
</testsuite> <!-- testNG.TestB -->
