<?xml version="1.0" encoding="UTF-8"?>
<!-- Generated by org.testng.reporters.JUnitReportReporter -->
<testsuite skipped="0" hostname="ETC-1404246" name="testNG.DemoB" tests="2" failures="0" timestamp="29 Nov 2018 13:48:14 GMT" time="0.006" errors="0">
  <testcase name="testC" time="0.004" classname="testNG.DemoB"/>
  <testcase name="testB" time="0.002" classname="testNG.DemoB"/>
</testsuite> <!-- testNG.DemoB -->
